<?xml version="1.0" encoding="UTF-8"?>
<!-- Generated by org.testng.reporters.JUnitReportReporter -->
<testsuite hostname="DESKTOP-5690C3M" failures="0" tests="4" name="com.OTM.GenericUtils.ClassTwoTest" time="0.116" errors="0" timestamp="2023-11-30T17:00:00 IST" skipped="0">
  <testcase classname="com.OTM.GenericUtils.ClassTwoTest" name="classTwoMethod4" time="0.003"/>
  <system-out/>
  <testcase classname="com.OTM.GenericUtils.ClassTwoTest" name="classTwoMethod3" time="0.002"/>
  <system-out/>
  <testcase classname="com.OTM.GenericUtils.ClassTwoTest" name="classTwoMethod2" time="0.002"/>
  <system-out/>
  <testcase classname="com.OTM.GenericUtils.ClassTwoTest" name="classTwoMethod1" time="0.109"/>
  <system-out/>
</testsuite> <!-- com.OTM.GenericUtils.ClassTwoTest -->
