<?xml version="1.0" encoding="UTF-8"?>
<!-- Generated by org.testng.reporters.JUnitReportReporter -->
<testsuite hostname="DESKTOP-5690C3M" failures="0" tests="2" name="com.OTM.GenericUtils.BaseClassTest" time="0.030" errors="0" timestamp="2023-11-30T12:30:31 IST" skipped="0">
  <testcase classname="com.OTM.GenericUtils.BaseClassTest" name="config_BC" time="0.004"/>
  <system-out/>
  <testcase classname="com.OTM.GenericUtils.BaseClassTest" name="cofig_AC" time="0.026"/>
  <system-out/>
</testsuite> <!-- com.OTM.GenericUtils.BaseClassTest -->
