<?xml version="1.0" encoding="UTF-8"?>
<!-- Generated by org.testng.reporters.JUnitReportReporter -->
<testsuite hostname="DESKTOP-5690C3M" failures="0" tests="2" name="com.OTM.GenericUtils.ClassTwoTest" time="0.005" errors="0" timestamp="2023-11-30T12:30:30 IST" skipped="0">
  <testcase classname="com.OTM.GenericUtils.ClassTwoTest" name="classTwoMethod1" time="0.002"/>
  <system-out/>
  <testcase classname="com.OTM.GenericUtils.ClassTwoTest" name="classTwoMethod4" time="0.003"/>
  <system-out/>
</testsuite> <!-- com.OTM.GenericUtils.ClassTwoTest -->
